<?xml version="1.0" encoding="UTF-8"?>
<testng-results ignored="0" total="1" passed="1" failed="0" skipped="0">
  <reporter-output>
  </reporter-output>
  <suite started-at="2023-01-18T12:47:17 IST" name="com.crm.automate by packages" finished-at="2023-01-18T12:47:18 IST" duration-ms="69">
    <groups>
    </groups>
    <test started-at="2023-01-18T12:47:17 IST" name="Practice_Maven" finished-at="2023-01-18T12:47:18 IST" duration-ms="69">
      <class name="Practice_Maven.DataTest">
        <test-method signature="connectToDB()[pri:0, instance:Practice_Maven.DataTest@3972a855]" started-at="2023-01-18T12:47:18 IST" name="connectToDB" finished-at="2023-01-18T12:47:18 IST" duration-ms="12" status="PASS">
          <reporter-output>
          </reporter-output>
        </test-method> <!-- connectToDB -->
      </class> <!-- Practice_Maven.DataTest -->
    </test> <!-- Practice_Maven -->
  </suite> <!-- com.crm.automate by packages -->
</testng-results>
